<?xml version="1.0" encoding="UTF-8"?>
<!-- Generated by org.testng.reporters.JUnitXMLReporter -->
<testsuite hostname="SHALIVAN-KHANDRE" ignored="0" name="Test" tests="4" failures="1" timestamp="2022-09-20T13:04:26 IST" time="46.643" errors="0">
  <testcase name="bookPackageCheckCountIncreases" time="14.298" classname="org.tsetNG.TMS.Scripts.BookPackageAndValidateTest">
    <failure type="org.openqa.selenium.ElementNotInteractableException" message="element not interactable
  (Session info: chrome=105.0.5195.127)
Build info: version: &amp;apos;4.4.0&amp;apos;, revision: &amp;apos;e5c75ed026a&amp;apos;
System info: host: &amp;apos;SHALIVAN-KHANDR&amp;apos;, ip: &amp;apos;192.168.0.147&amp;apos;, os.name: &amp;apos;Windows 10&amp;apos;, os.arch: &amp;apos;amd64&amp;apos;, os.version: &amp;apos;10.0&amp;apos;, java.version: &amp;apos;1.8.0_202&amp;apos;
Driver info: org.openqa.selenium.chrome.ChromeDriver
Command: [75013141767bbcc427d9e778ff010ce5, clickElement {id=212d610d-e803-49c8-863f-91a478eb5d5b}]
Capabilities {acceptInsecureCerts: false, browserName: chrome, browserVersion: 105.0.5195.127, chrome: {chromedriverVersion: 105.0.5195.52 (412c95e51883..., userDataDir: C:\Users\user\AppData\Local...}, goog:chromeOptions: {debuggerAddress: localhost:63244}, networkConnectionEnabled: false, pageLoadStrategy: normal, platformName: WINDOWS, proxy: Proxy(), se:cdp: ws://localhost:63244/devtoo..., se:cdpVersion: 105.0.5195.127, setWindowRect: true, strictFileInteractability: false, timeouts: {implicit: 0, pageLoad: 300000, script: 30000}, unhandledPromptBehavior: dismiss and notify, webauthn:extension:credBlob: true, webauthn:extension:largeBlob: true, webauthn:virtualAuthenticators: true}
Element: [[ChromeDriver: chrome on WINDOWS (75013141767bbcc427d9e778ff010ce5)] -&amp;gt; xpath: //h3[.=&amp;apos;Package List&amp;apos;]/ancestor::div[@class=&amp;apos;room-bottom&amp;apos;]//h4[.=&amp;apos;Package Name: DummyPackage348&amp;apos;]/../..//a[.=&amp;apos;Details&amp;apos;]]
Session ID: 75013141767bbcc427d9e778ff010ce5">
      <![CDATA[org.openqa.selenium.ElementNotInteractableException: element not interactable
  (Session info: chrome=105.0.5195.127)
Build info: version: '4.4.0', revision: 'e5c75ed026a'
System info: host: 'SHALIVAN-KHANDR', ip: '192.168.0.147', os.name: 'Windows 10', os.arch: 'amd64', os.version: '10.0', java.version: '1.8.0_202'
Driver info: org.openqa.selenium.chrome.ChromeDriver
Command: [75013141767bbcc427d9e778ff010ce5, clickElement {id=212d610d-e803-49c8-863f-91a478eb5d5b}]
Capabilities {acceptInsecureCerts: false, browserName: chrome, browserVersion: 105.0.5195.127, chrome: {chromedriverVersion: 105.0.5195.52 (412c95e51883..., userDataDir: C:\Users\user\AppData\Local...}, goog:chromeOptions: {debuggerAddress: localhost:63244}, networkConnectionEnabled: false, pageLoadStrategy: normal, platformName: WINDOWS, proxy: Proxy(), se:cdp: ws://localhost:63244/devtoo..., se:cdpVersion: 105.0.5195.127, setWindowRect: true, strictFileInteractability: false, timeouts: {implicit: 0, pageLoad: 300000, script: 30000}, unhandledPromptBehavior: dismiss and notify, webauthn:extension:credBlob: true, webauthn:extension:largeBlob: true, webauthn:virtualAuthenticators: true}
Element: [[ChromeDriver: chrome on WINDOWS (75013141767bbcc427d9e778ff010ce5)] -> xpath: //h3[.='Package List']/ancestor::div[@class='room-bottom']//h4[.='Package Name: DummyPackage348']/../..//a[.='Details']]
Session ID: 75013141767bbcc427d9e778ff010ce5
at org.openqa.selenium.remote.codec.w3c.W3CHttpResponseCodec.createException(W3CHttpResponseCodec.java:200)
at org.openqa.selenium.remote.codec.w3c.W3CHttpResponseCodec.decode(W3CHttpResponseCodec.java:133)
at org.openqa.selenium.remote.codec.w3c.W3CHttpResponseCodec.decode(W3CHttpResponseCodec.java:53)
at org.openqa.selenium.remote.HttpCommandExecutor.execute(HttpCommandExecutor.java:184)
at org.openqa.selenium.remote.service.DriverCommandExecutor.invokeExecute(DriverCommandExecutor.java:167)
at org.openqa.selenium.remote.service.DriverCommandExecutor.execute(DriverCommandExecutor.java:142)
at org.openqa.selenium.remote.RemoteWebDriver.execute(RemoteWebDriver.java:547)
at org.openqa.selenium.remote.RemoteWebElement.execute(RemoteWebElement.java:257)
at org.openqa.selenium.remote.RemoteWebElement.click(RemoteWebElement.java:78)
at org.openqa.selenium.support.pagefactory.internal.LocatingElementHandler.invoke(LocatingElementHandler.java:52)
at com.sun.proxy.$Proxy16.click(Unknown Source)
at org.TMS.POMRepository.UserHomePage.ViewSpecifiedPackage(UserHomePage.java:35)
at org.tsetNG.TMS.Scripts.BookPackageAndValidateTest.bookPackageCheckCountIncreases(BookPackageAndValidateTest.java:40)
at java.util.ArrayList.forEach(ArrayList.java:1257)
... Removed 35 stack frames]]>
    </failure>
  </testcase> <!-- bookPackageCheckCountIncreases -->
  <testcase name="createPackageTest" time="3.717" classname="org.tsetNG.TMS.Scripts.CreatePackageTest"/>
  <testcase name="creatUserCheckCount" time="3.617" classname="org.tsetNG.TMS.Scripts.CreateUserAndCheckCountTest"/>
  <testcase name="createBookingIssueAndUpdateRemark" time="10.702" classname="org.tsetNG.TMS.Scripts.RaiseIssueAsUserAndUpdateRemarkAsAdminTest"/>
</testsuite> <!-- Test -->
